Sep 29 21:49:32 Updated: openssl-1.0.1e-16.el6_5.15.x86_64
Sep 29 21:49:33 Installed: vsftpd-2.2.2-12.el6_5.1.x86_64
Sep 29 22:37:50 Updated: db4-4.7.25-18.el6_4.x86_64
Sep 29 22:37:50 Updated: db4-utils-4.7.25-18.el6_4.x86_64
Sep 30 18:29:54 Updated: pam-1.1.1-17.el6.x86_64
Sep 30 18:29:55 Installed: pcsc-lite-libs-1.5.2-13.el6_4.x86_64
Sep 30 18:29:56 Installed: pam_pkcs11-0.6.2-12.1.el6.x86_64
Sep 30 18:29:56 Installed: pam_ssh_agent_auth-0.9.3-94.el6.x86_64
Sep 30 18:29:57 Installed: pam-devel-1.1.1-17.el6.x86_64
Sep 30 18:29:57 Installed: pam_ldap-185-11.el6.x86_64
Sep 30 22:42:42 Updated: bash-4.1.2-15.el6_5.2.x86_64
Oct 01 01:12:17 Installed: ftp-0.17-54.el6.x86_64
Oct 08 23:24:11 Updated: mysql-libs-5.1.73-3.el6_5.x86_64
Oct 08 23:24:12 Installed: perl-DBD-MySQL-4.013-3.el6.x86_64
Oct 08 23:24:12 Updated: mysql-5.1.73-3.el6_5.x86_64
Oct 08 23:24:16 Installed: mysql-server-5.1.73-3.el6_5.x86_64
Oct 09 17:26:00 Updated: php-common-5.3.3-27.el6_5.2.x86_64
Oct 09 17:26:01 Installed: autoconf-2.63-5.1.el6.noarch
Oct 09 17:26:02 Installed: automake-1.11.1-4.el6.noarch
Oct 09 17:26:03 Updated: php-cli-5.3.3-27.el6_5.2.x86_64
Oct 09 17:26:04 Updated: php-5.3.3-27.el6_5.2.x86_64
Oct 09 17:26:05 Installed: libjpeg-turbo-1.2.1-3.el6_5.x86_64
Oct 09 17:26:05 Updated: php-gd-5.3.3-27.el6_5.2.x86_64
Oct 09 17:26:06 Installed: php-devel-5.3.3-27.el6_5.2.x86_64
Oct 09 17:26:07 Updated: php-pdo-5.3.3-27.el6_5.2.x86_64
Oct 09 17:26:07 Updated: php-xml-5.3.3-27.el6_5.2.x86_64
Oct 09 17:26:09 Erased: libjpeg
Oct 09 22:42:49 Installed: php-mysql-5.3.3-27.el6_5.2.x86_64
Oct 10 01:16:40 Updated: libgcc-4.4.7-4.el6.x86_64
Oct 10 01:16:51 Updated: glibc-common-2.12-1.132.el6_5.4.x86_64
Oct 10 01:16:57 Updated: glibc-2.12-1.132.el6_5.4.x86_64
Oct 10 01:16:57 Updated: libgomp-4.4.7-4.el6.x86_64
Oct 10 01:16:58 Installed: mpfr-2.4.1-6.el6.x86_64
Oct 10 01:16:59 Installed: cpp-4.4.7-4.el6.x86_64
Oct 10 01:17:01 Installed: ppl-0.10.2-11.el6.x86_64
Oct 10 01:17:01 Installed: cloog-ppl-0.15.7-1.2.el6.x86_64
Oct 10 01:17:03 Installed: kernel-headers-2.6.32-431.29.2.el6.x86_64
Oct 10 01:17:04 Installed: glibc-headers-2.12-1.132.el6_5.4.x86_64
Oct 10 01:17:05 Installed: glibc-devel-2.12-1.132.el6_5.4.x86_64
Oct 10 01:17:07 Installed: gcc-4.4.7-4.el6.x86_64
Oct 10 18:02:00 Installed: php-mbstring-5.3.3-27.el6_5.2.x86_64
Oct 10 19:00:41 Installed: vsftpd-2.2.2-12.el6_5.1.x86_64
Oct 10 19:22:30 Installed: vsftpd-2.2.2-12.el6_5.1.x86_64
Oct 10 22:03:28 Installed: libmcrypt-2.5.7-5.el5.x86_64
Oct 10 22:03:29 Installed: mhash-0.9.2-6.el5.x86_64
Oct 10 22:03:29 Installed: mcrypt-2.6.8-10.el5.x86_64
Oct 10 22:03:29 Installed: libmcrypt-devel-2.5.7-5.el5.x86_64
Oct 10 23:17:08 Updated: libstdc++-4.4.7-4.el6.x86_64
Oct 10 23:17:11 Installed: libstdc++-devel-4.4.7-4.el6.x86_64
Oct 10 23:17:12 Installed: gcc-c++-4.4.7-4.el6.x86_64
Oct 11 00:07:41 Updated: zlib-1.2.3-29.el6.x86_64
Oct 11 00:07:41 Installed: zlib-devel-1.2.3-29.el6.x86_64
Oct 11 22:53:10 Installed: perl-Params-Validate-0.92-3.el6.x86_64
Oct 11 22:53:11 Installed: perl-Digest-SHA1-2.12-2.el6.x86_64
Oct 11 22:53:11 Installed: perl-Digest-HMAC-1.01-22.el6.noarch
Oct 11 22:53:11 Installed: perl-XML-NamespaceSupport-1.10-3.el6.noarch
Oct 11 22:53:12 Installed: perl-XML-SAX-0.96-7.el6.noarch
Oct 11 22:53:13 Installed: 1:perl-XML-LibXML-1.70-5.el6.x86_64
Oct 11 22:53:13 Installed: perl-Net-CIDR-0.14-1.el6.noarch
Oct 11 22:53:14 Installed: munin-common-2.0.21-1.el6.noarch
Oct 11 22:53:14 Installed: perl-List-MoreUtils-0.22-10.el6.x86_64
Oct 11 22:53:15 Installed: perl-Crypt-DES-2.05-9.el6.x86_64
Oct 11 22:53:15 Installed: perl-Net-SNMP-5.2.0-4.el6.noarch
Oct 11 22:53:16 Installed: perl-Net-DNS-0.65-5.el6.x86_64
Oct 11 22:53:17 Installed: perl-Net-SSLeay-1.35-9.el6.x86_64
Oct 11 22:53:18 Installed: perl-YAML-Syck-1.07-4.el6.x86_64
Oct 11 22:53:20 Installed: perl-Date-Manip-6.24-1.el6.noarch
Oct 11 22:53:20 Installed: 1:perl-TimeDate-1.16-11.1.el6.noarch
Oct 11 22:53:21 Installed: perl-MailTools-2.04-4.el6.noarch
Oct 11 22:53:21 Installed: perl-String-CRC32-1.4-9.el6.x86_64
Oct 11 22:53:22 Installed: perl-Cache-Memcached-1.28-2.el6.noarch
Oct 11 22:53:22 Installed: perl-MIME-Types-1.28-2.el6.noarch
Oct 11 22:53:23 Installed: perl-Socket6-0.23-4.el6.x86_64
Oct 11 22:53:23 Installed: perl-IO-Socket-INET6-2.56-4.el6.noarch
Oct 11 22:53:26 Installed: dejavu-sans-mono-fonts-2.30-2.el6.noarch
Oct 11 22:53:29 Installed: dejavu-lgc-sans-mono-fonts-2.30-2.el6.noarch
Oct 11 22:53:29 Installed: rrdtool-1.3.8-6.el6.x86_64
Oct 11 22:53:30 Installed: rrdtool-perl-1.3.8-6.el6.x86_64
Oct 11 22:53:30 Installed: perl-Taint-Runtime-0.03-9.el6.x86_64
Oct 11 22:53:31 Installed: perl-Class-Singleton-1.4-6.el6.noarch
Oct 11 22:53:33 Installed: 1:perl-DateTime-0.5300-2.el6.x86_64
Oct 11 22:53:33 Installed: perl-Email-Date-Format-1.002-5.el6.noarch
Oct 11 22:53:34 Installed: perl-MIME-Lite-3.027-2.el6.noarch
Oct 11 22:53:34 Installed: perl-DBD-Pg-2.15.1-4.el6_3.x86_64
Oct 11 22:53:35 Installed: perl-Carp-Always-0.09-2.el6.noarch
Oct 11 22:53:35 Installed: perl-Mail-Sender-0.8.16-3.el6.noarch
Oct 11 22:53:35 Installed: perl-XML-RegExp-0.03-7.el6.noarch
Oct 11 22:53:36 Installed: perl-XML-DOM-1.44-7.el6.noarch
Oct 11 22:53:36 Installed: perl-Mail-Sendmail-0.79-12.el6.noarch
Oct 11 22:53:37 Installed: perl-Log-Dispatch-2.27-1.el6.noarch
Oct 11 22:53:37 Installed: perl-Log-Dispatch-FileRotate-1.19-4.el6.noarch
Oct 11 22:53:38 Installed: perl-Log-Log4perl-1.30-1.el6.noarch
Oct 11 22:53:39 Installed: 1:perl-FCGI-0.71-4.el6.x86_64
Oct 11 22:53:39 Installed: 1:perl-Error-0.17015-4.el6.noarch
Oct 11 22:53:39 Installed: perl-IO-Multiplex-1.13-1.el6.noarch
Oct 11 22:53:40 Installed: perl-Net-Server-0.97-7.el6.noarch
Oct 11 22:53:48 Installed: munin-node-2.0.21-1.el6.noarch
Oct 11 22:53:48 Installed: perl-File-Copy-Recursive-0.38-4.el6.noarch
Oct 11 22:53:49 Installed: perl-HTML-Template-2.9-10.el6.noarch
Oct 11 22:53:49 Installed: perl-IPC-ShareLite-0.13-4.el6.x86_64
Oct 11 22:53:50 Installed: perl-Cache-Cache-1.06-2.el6.noarch
Oct 11 22:53:51 Installed: munin-2.0.21-1.el6.noarch
Oct 11 22:58:27 Updated: 1:perl-Pod-Escapes-1.04-136.el6.x86_64
Oct 11 22:58:27 Updated: 1:perl-Module-Pluggable-3.90-136.el6.x86_64
Oct 11 22:58:28 Updated: 1:perl-Pod-Simple-3.13-136.el6.x86_64
Oct 11 22:58:29 Updated: 4:perl-libs-5.10.1-136.el6.x86_64
Oct 11 22:58:29 Updated: 3:perl-version-0.77-136.el6.x86_64
Oct 11 22:58:33 Updated: 4:perl-5.10.1-136.el6.x86_64
Oct 11 22:58:33 Updated: 1:perl-Locale-Maketext-Simple-0.18-136.el6.x86_64
Oct 11 22:58:34 Updated: 1:perl-Params-Check-0.26-136.el6.x86_64
Oct 11 22:58:34 Updated: 1:perl-Module-Load-0.16-136.el6.x86_64
Oct 11 22:58:34 Updated: perl-Module-Load-Conditional-0.30-136.el6.x86_64
Oct 11 22:58:35 Updated: 1:perl-Log-Message-0.02-136.el6.x86_64
Oct 11 22:58:35 Updated: perl-IO-Compress-Base-2.021-136.el6.x86_64
Oct 11 22:58:35 Updated: 1:perl-Package-Constants-0.02-136.el6.x86_64
Oct 11 22:58:36 Updated: 1:perl-Compress-Raw-Zlib-2.021-136.el6.x86_64
Oct 11 22:58:36 Updated: perl-IO-Compress-Zlib-2.021-136.el6.x86_64
Oct 11 22:58:37 Updated: perl-Compress-Zlib-2.021-136.el6.x86_64
Oct 11 22:58:37 Updated: 1:perl-IO-Zlib-1.09-136.el6.x86_64
Oct 11 22:58:37 Updated: perl-Archive-Tar-1.58-136.el6.x86_64
Oct 11 22:58:38 Updated: perl-Log-Message-Simple-0.04-136.el6.x86_64
Oct 11 22:58:38 Updated: perl-Term-UI-0.20-136.el6.x86_64
Oct 11 22:58:38 Updated: 1:perl-Object-Accessor-0.34-136.el6.x86_64
Oct 11 22:58:39 Updated: 1:perl-Digest-SHA-5.47-136.el6.x86_64
Oct 11 22:58:39 Updated: perl-Module-CoreList-2.18-136.el6.x86_64
Oct 11 22:58:39 Updated: 1:perl-Module-Loaded-0.02-136.el6.x86_64
Oct 11 22:58:40 Updated: perl-Compress-Raw-Bzip2-2.021-136.el6.x86_64
Oct 11 22:58:40 Updated: perl-IO-Compress-Bzip2-2.021-136.el6.x86_64
Oct 11 22:58:41 Updated: perl-CGI-3.51-136.el6.x86_64
Oct 11 22:58:41 Updated: 1:perl-parent-0.221-136.el6.x86_64
Oct 11 22:58:41 Updated: 1:perl-Parse-CPAN-Meta-1.40-136.el6.x86_64
Oct 11 22:58:42 Updated: perl-Time-Piece-1.15-136.el6.x86_64
Oct 11 22:58:42 Installed: perl-Net-LibIDN-0.12-3.el6.x86_64
Oct 11 22:58:43 Updated: 4:perl-Time-HiRes-1.9721-136.el6.x86_64
Oct 11 22:58:43 Installed: gdbm-devel-1.8.0-36.el6.x86_64
Oct 11 22:58:44 Installed: db4-cxx-4.7.25-18.el6_4.x86_64
Oct 11 22:58:47 Installed: db4-devel-4.7.25-18.el6_4.x86_64
Oct 11 22:58:48 Updated: perl-Test-Harness-3.17-136.el6.x86_64
Oct 11 22:58:48 Updated: perl-ExtUtils-MakeMaker-6.55-136.el6.x86_64
Oct 11 22:58:49 Updated: 4:perl-devel-5.10.1-136.el6.x86_64
Oct 11 22:58:50 Updated: 1:perl-ExtUtils-ParseXS-2.2003.0-136.el6.x86_64
Oct 11 22:58:50 Updated: 1:perl-IPC-Cmd-0.56-136.el6.x86_64
Oct 11 22:58:50 Updated: perl-File-Fetch-0.26-136.el6.x86_64
Oct 11 22:58:50 Updated: 1:perl-Archive-Extract-0.38-136.el6.x86_64
Oct 11 22:58:51 Updated: 1:perl-ExtUtils-CBuilder-0.27-136.el6.x86_64
Oct 11 22:58:52 Updated: 1:perl-Module-Build-0.3500-136.el6.x86_64
Oct 11 22:58:53 Updated: perl-CPANPLUS-0.88-136.el6.x86_64
Oct 11 22:58:53 Updated: perl-Test-Simple-0.92-136.el6.x86_64
Oct 11 22:58:53 Updated: perl-ExtUtils-Embed-1.28-136.el6.x86_64
Oct 11 22:58:54 Updated: perl-CPAN-1.9402-136.el6.x86_64
Oct 11 22:58:54 Updated: perl-core-5.10.1-136.el6.x86_64
Oct 11 22:58:55 Installed: perl-IO-Socket-SSL-1.31-2.el6.noarch
Oct 14 18:26:36 Installed: rar-3.8.0-1.el6.rf.x86_64
Oct 14 18:26:37 Installed: unrar-5.0.3-1.el6.rf.x86_64
Oct 14 18:30:44 Installed: nss-softokn-freebl-3.14.3-12.el6_5.i686
Oct 14 18:30:47 Installed: glibc-2.12-1.132.el6_5.4.i686
Oct 14 18:30:48 Updated: nss-softokn-freebl-3.14.3-12.el6_5.x86_64
Oct 14 18:31:27 Installed: libgcc-4.4.7-4.el6.i686
Oct 14 18:31:27 Installed: libstdc++-4.4.7-4.el6.i686
